Product projects
---------------------------------------
/Users/m4ks0n/study/IU7/sem7/testing/bmstu-iu7-sem7-web/src/ProdMonitor/ProdMonitor.Domain/ProdMonitor.Domain.csproj
/Users/m4ks0n/study/IU7/sem7/testing/bmstu-iu7-sem7-web/src/ProdMonitor/ProdMonitor.DataAccess/ProdMonitor.DataAccess.csproj
/Users/m4ks0n/study/IU7/sem7/testing/bmstu-iu7-sem7-web/src/ProdMonitor/ProdMonitor.Web/ProdMonitor.Web.csproj
/Users/m4ks0n/study/IU7/sem7/testing/bmstu-iu7-sem7-web/src/ProdMonitor/ProdMonitor.Application/ProdMonitor.Application.csproj


Test projects
---------------------------------------
/Users/m4ks0n/study/IU7/sem7/testing/bmstu-iu7-sem7-web/src/ProdMonitor/ProdMonitor.BDDTests/ProdMonitor.BDDTests.csproj
/Users/m4ks0n/study/IU7/sem7/testing/bmstu-iu7-sem7-web/src/ProdMonitor/ProdMonitor.E2E/ProdMonitor.E2E.csproj
/Users/m4ks0n/study/IU7/sem7/testing/bmstu-iu7-sem7-web/src/ProdMonitor/ProdMonitor.Test/ProdMonitor.Test.csproj
/Users/m4ks0n/study/IU7/sem7/testing/bmstu-iu7-sem7-web/src/ProdMonitor/ProdMonitor.IntegrationTests/ProdMonitor.IntegrationTests.csproj


Invalid projects
---------------------------------------
{none}


Skipped projects
---------------------------------------
{none}


Excluded projects
---------------------------------------
{none}


